<?xml version="1.0" encoding="UTF-8"?>
<!-- Generated by org.testng.reporters.JUnitReportReporter -->
<testsuite skipped="0" hostname="Nayananks-MacBook-Air.local" name="tests.KenmoreOvenProductTest" tests="1" failures="0" timestamp="15 Mar 2019 21:56:01 GMT" time="12.233" errors="0">
  <testcase name="testOvenSettings" time="12.233" classname="tests.KenmoreOvenProductTest"/>
</testsuite> <!-- tests.KenmoreOvenProductTest -->
